<?xml version="1.0" encoding="UTF-8"?>
<coverage generated="1646903698398" clover="3.2.0">
  <project timestamp="1646903698398" name="All files">
    <metrics statements="15" coveredstatements="15" conditionals="17" coveredconditionals="15" methods="1" coveredmethods="1" elements="33" coveredelements="31" complexity="0" loc="15" ncloc="15" packages="1" files="1" classes="1"/>
    <file name="utils.validator.js" path="C:\Users\rifat\Desktop\word-api\utils\utils.validator.js">
      <metrics statements="15" coveredstatements="15" conditionals="17" coveredconditionals="15" methods="1" coveredmethods="1"/>
      <line num="1" count="1" type="stmt"/>
      <line num="2" count="3" type="stmt"/>
      <line num="9" count="3" type="stmt"/>
      <line num="10" count="3" type="stmt"/>
      <line num="12" count="3" type="stmt"/>
      <line num="13" count="17" type="cond" truecount="2" falsecount="0"/>
      <line num="16" count="2" type="stmt"/>
      <line num="17" count="14" type="cond" truecount="4" falsecount="1"/>
      <line num="20" count="2" type="stmt"/>
      <line num="21" count="8" type="cond" truecount="4" falsecount="0"/>
      <line num="22" count="6" type="cond" truecount="2" falsecount="0"/>
      <line num="24" count="2" type="cond" truecount="2" falsecount="0"/>
      <line num="25" count="1" type="cond" truecount="1" falsecount="1"/>
      <line num="28" count="1" type="stmt"/>
      <line num="31" count="1" type="stmt"/>
    </file>
  </project>
</coverage>
