{"C:\\Users\\rifat\\Desktop\\word-api\\utils\\utils.validator.js": {"path":"C:\\Users\\rifat\\Desktop\\word-api\\utils\\utils.validator.js","statementMap":{"0":{"start":{"line":1,"column":18},"end":{"line":29,"column":1}},"1":{"start":{"line":2,"column":17},"end":{"line":7,"column":5}},"2":{"start":{"line":9,"column":17},"end":{"line":9,"column":32}},"3":{"start":{"line":10,"column":16},"end":{"line":10,"column":32}},"4":{"start":{"line":12,"column":4},"end":{"line":14,"column":5}},"5":{"start":{"line":13,"column":8},"end":{"line":13,"column":64}},"6":{"start":{"line":13,"column":50},"end":{"line":13,"column":62}},"7":{"start":{"line":16,"column":4},"end":{"line":18,"column":5}},"8":{"start":{"line":17,"column":8},"end":{"line":17,"column":126}},"9":{"start":{"line":17,"column":111},"end":{"line":17,"column":124}},"10":{"start":{"line":20,"column":4},"end":{"line":27,"column":5}},"11":{"start":{"line":21,"column":8},"end":{"line":26,"column":9}},"12":{"start":{"line":22,"column":12},"end":{"line":22,"column":62}},"13":{"start":{"line":22,"column":50},"end":{"line":22,"column":62}},"14":{"start":{"line":24,"column":13},"end":{"line":26,"column":9}},"15":{"start":{"line":25,"column":12},"end":{"line":25,"column":60}},"16":{"start":{"line":25,"column":48},"end":{"line":25,"column":60}},"17":{"start":{"line":28,"column":4},"end":{"line":28,"column":16}},"18":{"start":{"line":31,"column":0},"end":{"line":31,"column":26}}},"fnMap":{"0":{"name":"(anonymous_0)","decl":{"start":{"line":1,"column":18},"end":{"line":1,"column":19}},"loc":{"start":{"line":1,"column":30},"end":{"line":29,"column":1}},"line":1}},"branchMap":{"0":{"loc":{"start":{"line":13,"column":8},"end":{"line":13,"column":64}},"type":"if","locations":[{"start":{"line":13,"column":8},"end":{"line":13,"column":64}},{"start":{},"end":{}}],"line":13},"1":{"loc":{"start":{"line":17,"column":8},"end":{"line":17,"column":126}},"type":"if","locations":[{"start":{"line":17,"column":8},"end":{"line":17,"column":126}},{"start":{},"end":{}}],"line":17},"2":{"loc":{"start":{"line":17,"column":12},"end":{"line":17,"column":107}},"type":"binary-expr","locations":[{"start":{"line":17,"column":12},"end":{"line":17,"column":45}},{"start":{"line":17,"column":49},"end":{"line":17,"column":75}},{"start":{"line":17,"column":79},"end":{"line":17,"column":107}}],"line":17},"3":{"loc":{"start":{"line":21,"column":8},"end":{"line":26,"column":9}},"type":"if","locations":[{"start":{"line":21,"column":8},"end":{"line":26,"column":9}},{"start":{"line":24,"column":13},"end":{"line":26,"column":9}}],"line":21},"4":{"loc":{"start":{"line":21,"column":12},"end":{"line":21,"column":47}},"type":"binary-expr","locations":[{"start":{"line":21,"column":12},"end":{"line":21,"column":28}},{"start":{"line":21,"column":32},"end":{"line":21,"column":47}}],"line":21},"5":{"loc":{"start":{"line":22,"column":12},"end":{"line":22,"column":62}},"type":"if","locations":[{"start":{"line":22,"column":12},"end":{"line":22,"column":62}},{"start":{},"end":{}}],"line":22},"6":{"loc":{"start":{"line":24,"column":13},"end":{"line":26,"column":9}},"type":"if","locations":[{"start":{"line":24,"column":13},"end":{"line":26,"column":9}},{"start":{},"end":{}}],"line":24},"7":{"loc":{"start":{"line":25,"column":12},"end":{"line":25,"column":60}},"type":"if","locations":[{"start":{"line":25,"column":12},"end":{"line":25,"column":60}},{"start":{},"end":{}}],"line":25}},"s":{"0":1,"1":3,"2":3,"3":3,"4":3,"5":17,"6":1,"7":2,"8":14,"9":0,"10":2,"11":8,"12":6,"13":1,"14":2,"15":1,"16":0,"17":1,"18":1},"f":{"0":3},"b":{"0":[1,16],"1":[0,14],"2":[14,14,14],"3":[6,2],"4":[8,7],"5":[1,5],"6":[1,1],"7":[0,1]},"_coverageSchema":"1a1c01bbd47fc00a2c39e90264f33305004495a9","hash":"7fd131f9b9b02d411a0568ab113044071428a7f4"}
}
